make all --print-data-base --no-builtin-variables --no-builtin-rules --question
make: *** No rule to make target 'all'.  Stop.

# GNU Make 4.2.1
 
# Built for x86_64-pc-linux-gnu
 
# Copyright (C) 1988-2016 Free Software Foundation, Inc.
 
# License GPLv3+: GNU GPL version 3 or later <http://gnu.org/licenses/gpl.html>
 
# This is free software: you are free to change and redistribute it.
 
# There is NO WARRANTY, to the extent permitted by law.
 

 
# Make data base, printed on Wed Jun  1 15:45:14 2022
 

# Variables
 

 
# 'override' directive
 
GNUMAKEFLAGS := 
 
# automatic
 
<D = $(patsubst %/,%,$(dir $<))
 
# automatic
 
?F = $(notdir $?)
 
# environment
 
DESKTOP_SESSION = ubuntu
 
# default
 
.SHELLFLAGS := -c
 
# environment
 
XDG_SESSION_CLASS = user
 
# environment
 
XDG_SESSION_TYPE = x11
 
# environment
 
VSCODE_LOG_NATIVE = false
 
# automatic
 
?D = $(patsubst %/,%,$(dir $?))
 
# environment
 
IM_CONFIG_PHASE = 1
 
# automatic
 
@D = $(patsubst %/,%,$(dir $@))
 
# environment
 
XAUTHORITY = /run/user/1000/gdm/Xauthority
 
# environment
 
GDMSESSION = ubuntu
 
# environment
 
XMODIFIERS = @im=ibus
 
# makefile
 
CURDIR := /home/amoxe/Desktop/42_projects/CPP_Modules/Module01
 
# makefile
 
SHELL = /bin/sh
# environment
VSCODE_NLS_CONFIG = {"locale":"en-us","availableLanguages":{},"_languagePackSupport":true}
# environment
_ = /usr/share/code/code
# environment
JOURNAL_STREAM = 8:52740
# environment
XDG_CONFIG_DIRS = /etc/xdg/xdg-ubuntu:/etc/xdg
# makefile
MAKEFILE_LIST := 
# automatic
@F = $(notdir $@)
# environment
GIO_LAUNCHED_DESKTOP_FILE = /usr/share/applications/code.desktop
# environment
USERNAME = amoxe
# environment
XDG_DATA_DIRS = /usr/share/ubuntu:/usr/local/share/:/usr/share/:/var/lib/snapd/desktop
# environment
DBUS_SESSION_BUS_ADDRESS = unix:path=/run/user/1000/bus
# environment
VSCODE_VERBOSE_LOGGING = true
# environment
MANAGERPID = 1704
# environment
VSCODE_IPC_HOOK_EXTHOST = /run/user/1000/vscode-ipc-9538e1fe-9bb3-4b27-a60a-c3aa97fb8f90.sock
# environment
VSCODE_CWD = /home/amoxe
# default
MAKE_HOST := x86_64-pc-linux-gnu
# environment
PATH = /usr/local/sbin:/usr/local/bin:/usr/sbin:/usr/bin:/sbin:/bin:/usr/games:/usr/local/games:/snap/bin
# environment
GPG_AGENT_INFO = /run/user/1000/gnupg/S.gpg-agent:0:1
# environment
LSCOLORS = Gxfxcxdxbxegedabagacad
# environment
SESSION_MANAGER = local/amoxe-HP-Laptop-15-bs0xx:@/tmp/.ICE-unix/1928,unix/amoxe-HP-Laptop-15-bs0xx:/tmp/.ICE-unix/1928
# environment
XDG_RUNTIME_DIR = /run/user/1000
# environment
XDG_MENU_PREFIX = gnome-
# environment
VSCODE_LOG_STACK = false
# environment
ELECTRON_RUN_AS_NODE = 1
# environment
INVOCATION_ID = 89badf54db114e6bbd37c7c44ddd7f7d
# default
.FEATURES := target-specific order-only second-expansion else-if shortest-stem undefine oneshell archives jobserver output-sync check-symlink load
# environment
LS_COLORS = 
# environment
XDG_SESSION_DESKTOP = ubuntu
# environment
SSH_AUTH_SOCK = /run/user/1000/keyring/ssh
# environment
GIO_LAUNCHED_DESKTOP_FILE_PID = 18583
# automatic
%F = $(notdir $%)
# environment
DISPLAY = :0
# environment
VSCODE_PIPE_LOGGING = true
# environment
PWD = /home/amoxe/Desktop/42_projects/CPP_Modules/Module01
# default
.LOADED := 
# environment
SSH_AGENT_PID = 1890
# environment
ORIGINAL_XDG_CURRENT_DESKTOP = ubuntu:GNOME
# environment
GTK_MODULES = gail:atk-bridge
# environment
VSCODE_AMD_ENTRYPOINT = vs/workbench/api/node/extensionHostProcess
# environment
HOME = /home/amoxe
# environment
VSCODE_CODE_CACHE_PATH = /home/amoxe/.config/Code/CachedData/c3511e6c69bb39013c4a4b7b9566ec1ca73fc4d5
# environment
LOGNAME = amoxe
# environment
APPLICATION_INSIGHTS_NO_DIAGNOSTIC_CHANNEL = 1
# environment
ZSH = /home/amoxe/.oh-my-zsh
# environment
VSCODE_HANDLES_UNCAUGHT_ERRORS = true
# environment
GNOME_DESKTOP_SESSION_ID = this-is-deprecated
# automatic
^D = $(patsubst %/,%,$(dir $^))
# environment
MAKELEVEL := 0
# default
MAKE = $(MAKE_COMMAND)
# default
MAKECMDGOALS := all
# environment
QT_IM_MODULE = ibus
# environment
SHLVL = 0
# environment
GNOME_SHELL_SESSION_MODE = ubuntu
# default
MAKE_VERSION := 4.2.1
# environment
USER = amoxe
# makefile
.DEFAULT_GOAL := 
# environment
XDG_CURRENT_DESKTOP = Unity
# environment
LESS = -R
# automatic
%D = $(patsubst %/,%,$(dir $%))
# default
MAKE_COMMAND := make
# environment
OLDPWD = /home/amoxe
# default
.VARIABLES := 
# automatic
*F = $(notdir $*)
# environment
VSCODE_IPC_HOOK = /run/user/1000/vscode-d974fdcc-1.67.2-main.sock
# makefile
MAKEFLAGS = pqrR
# environment
MFLAGS = -pqrR
# automatic
*D = $(patsubst %/,%,$(dir $*))
# automatic
+D = $(patsubst %/,%,$(dir $+))
# environment
GDK_BACKEND = x11
# automatic
+F = $(notdir $+)
# environment
QT_ACCESSIBILITY = 1
# default
MAKEFILES := 
# automatic
<F = $(notdir $<)
# environment
PAGER = less
# environment
LC_ALL = C
# environment
GJS_DEBUG_TOPICS = JS ERROR;JS LOG
# automatic
^F = $(notdir $^)
# default
SUFFIXES := 
# environment
CHROME_DESKTOP = code-url-handler.desktop
# environment
WINDOWPATH = 2
# default
.INCLUDE_DIRS = /usr/include /usr/local/include /usr/include
# environment
GJS_DEBUG_OUTPUT = stderr
# default
.RECIPEPREFIX := 
# environment
LANG = C
# environment
VSCODE_PID = 18583
# variable set hash-table stats:
# Load=100/1024=10%, Rehash=0, Collisions=12/122=10%

# Pattern-specific Variable Values

# No pattern-specific variable values.

# Directories

# . (device 2072, inode 566372): 7 files, no impossibilities.

 
# 7 files, no impossibilities in 1 directories.

# Implicit Rules

# No implicit rules.

# Files

# Not a target:
all:
#  Command line target.
#  Implicit rule search has been done.
#  File does not exist.
#  File has not been updated.

# Not a target:
Makefile:
#  Implicit rule search has been done.
#  File does not exist.
#  File has been updated.
#  Failed to be updated.

# Not a target:
makefile:
#  Implicit rule search has been done.
#  File does not exist.
#  File has been updated.
#  Failed to be updated.

# Not a target:
.DEFAULT:
#  Implicit rule search has not been done.
#  Modification time never checked.
#  File has not been updated.

# Not a target:
GNUmakefile:
#  Implicit rule search has been done.
#  File does not exist.
#  File has been updated.
#  Failed to be updated.
 

# files hash-table stats:
# Load=6/1024=1%, Rehash=0, Collisions=0/15=0%
# VPATH Search Paths

# No 'vpath' search paths.

# No general ('VPATH' variable) search path.

# strcache buffers: 1 (0) / strings = 15 / storage = 126 B / avg = 8 B
# current buf: size = 8162 B / used = 126 B / count = 15 / avg = 8 B

# strcache performance: lookups = 18 / hit rate = 16%
# hash-table stats:
# Load=15/8192=0%, Rehash=0, Collisions=1/18=6%
# Finished Make data base on Wed Jun  1 15:45:14 2022

 
